2021-11-11 02:35:49.503  WARN 8900 --- [HikariPool-1 housekeeper] com.zaxxer.hikari.pool.HikariPool        : HikariPool-1 - Thread starvation or clock leap detected (housekeeper delta=54m35s318ms788µs400ns).
2021-11-11 02:36:51.239  WARN 8900 --- [HikariPool-1 housekeeper] com.zaxxer.hikari.pool.HikariPool        : HikariPool-1 - Thread starvation or clock leap detected (housekeeper delta=1m4s880ms923µs100ns).
2021-11-11 03:03:31.430  INFO 12024 --- [main] tn.esprit.spring.EntrepriseTest          : Starting EntrepriseTest on DESKTOP-KCG9UOE with PID 12024 (started by ASUS in C:\Users\ASUS\Desktop\devops\timeshitprojet)
2021-11-11 03:03:31.442  INFO 12024 --- [main] tn.esprit.spring.EntrepriseTest          : No active profile set, falling back to default profiles: default
2021-11-11 03:03:32.482  INFO 12024 --- [main] .s.d.r.c.RepositoryConfigurationDelegate : Bootstrapping Spring Data repositories in DEFAULT mode.
2021-11-11 03:03:32.649  INFO 12024 --- [main] .s.d.r.c.RepositoryConfigurationDelegate : Finished Spring Data repository scanning in 156ms. Found 2 repository interfaces.
2021-11-11 03:03:33.514  INFO 12024 --- [main] trationDelegate$BeanPostProcessorChecker : Bean 'org.springframework.transaction.annotation.ProxyTransactionManagementConfiguration' of type [org.springframework.transaction.annotation.ProxyTransactionManagementConfiguration$$EnhancerBySpringCGLIB$$bc98a303] is not eligible for getting processed by all BeanPostProcessors (for example: not eligible for auto-proxying)
2021-11-11 03:03:34.118  INFO 12024 --- [main] com.zaxxer.hikari.HikariDataSource       : HikariPool-1 - Starting...
2021-11-11 03:03:34.579  INFO 12024 --- [main] com.zaxxer.hikari.HikariDataSource       : HikariPool-1 - Start completed.
2021-11-11 03:03:34.857  INFO 12024 --- [main] o.hibernate.jpa.internal.util.LogHelper  : HHH000204: Processing PersistenceUnitInfo [
	name: default
	...]
2021-11-11 03:03:35.426  INFO 12024 --- [main] org.hibernate.Version                    : HHH000412: Hibernate Core {5.3.9.Final}
2021-11-11 03:03:35.441  INFO 12024 --- [main] org.hibernate.cfg.Environment            : HHH000206: hibernate.properties not found
2021-11-11 03:03:36.286  INFO 12024 --- [main] o.hibernate.annotations.common.Version   : HCANN000001: Hibernate Commons Annotations {5.0.4.Final}
2021-11-11 03:03:36.963  INFO 12024 --- [main] org.hibernate.dialect.Dialect            : HHH000400: Using dialect: org.hibernate.dialect.MySQL5Dialect
2021-11-11 03:03:39.162  INFO 12024 --- [main] j.LocalContainerEntityManagerFactoryBean : Initialized JPA EntityManagerFactory for persistence unit 'default'
2021-11-11 03:03:41.163  INFO 12024 --- [main] o.s.s.concurrent.ThreadPoolTaskExecutor  : Initializing ExecutorService 'applicationTaskExecutor'
2021-11-11 03:03:41.232  WARN 12024 --- [main] aWebConfiguration$JpaWebMvcConfiguration : spring.jpa.open-in-view is enabled by default. Therefore, database queries may be performed during view rendering. Explicitly configure spring.jpa.open-in-view to disable this warning
2021-11-11 03:03:41.837  INFO 12024 --- [main] tn.esprit.spring.EntrepriseTest          : Started EntrepriseTest in 10.862 seconds (JVM running for 12.22)
2021-11-11 03:03:42.393  INFO 12024 --- [Thread-2] o.s.s.concurrent.ThreadPoolTaskExecutor  : Shutting down ExecutorService 'applicationTaskExecutor'
2021-11-11 03:03:42.395  INFO 12024 --- [Thread-2] j.LocalContainerEntityManagerFactoryBean : Closing JPA EntityManagerFactory for persistence unit 'default'
2021-11-11 03:03:42.398  INFO 12024 --- [Thread-2] com.zaxxer.hikari.HikariDataSource       : HikariPool-1 - Shutdown initiated...
2021-11-11 03:03:42.407  INFO 12024 --- [Thread-2] com.zaxxer.hikari.HikariDataSource       : HikariPool-1 - Shutdown completed.
2021-11-11 04:26:29.874  WARN 8900 --- [HikariPool-1 housekeeper] com.zaxxer.hikari.pool.HikariPool        : HikariPool-1 - Thread starvation or clock leap detected (housekeeper delta=14m37s335ms52µs300ns).
2021-11-11 07:27:59.187  WARN 8900 --- [HikariPool-1 housekeeper] com.zaxxer.hikari.pool.HikariPool        : HikariPool-1 - Thread starvation or clock leap detected (housekeeper delta=3h29s190ms650µs400ns).
2021-11-11 11:01:40.450  WARN 8900 --- [HikariPool-1 housekeeper] com.zaxxer.hikari.pool.HikariPool        : HikariPool-1 - Thread starvation or clock leap detected (housekeeper delta=3h33m59s871ms179µs600ns).
